{"name":"Log","hostname":"4289ed61ee67","pid":1,"level":30,"msg":"Ghost is running in production...","time":"2021-08-30T13:40:37.662Z","v":0}
{"name":"Log","hostname":"4289ed61ee67","pid":1,"level":30,"msg":"Your site is now available on http://localhost:2368/","time":"2021-08-30T13:40:37.662Z","v":0}
{"name":"Log","hostname":"4289ed61ee67","pid":1,"level":30,"msg":"Ctrl+C to shut down","time":"2021-08-30T13:40:37.662Z","v":0}
{"name":"Log","hostname":"4289ed61ee67","pid":1,"level":30,"msg":"Ghost server started in 0.166s","time":"2021-08-30T13:40:37.664Z","v":0}
{"name":"Log","hostname":"4289ed61ee67","pid":1,"level":40,"msg":"Database state requires initialisation.","time":"2021-08-30T13:40:38.071Z","v":0}
{"name":"Log","hostname":"4289ed61ee67","pid":1,"level":30,"msg":"Creating table: posts","time":"2021-08-30T13:40:38.546Z","v":0}
{"name":"Log","hostname":"4289ed61ee67","pid":1,"level":30,"msg":"Creating table: posts_meta","time":"2021-08-30T13:40:38.579Z","v":0}
{"name":"Log","hostname":"4289ed61ee67","pid":1,"level":30,"msg":"Creating table: users","time":"2021-08-30T13:40:38.637Z","v":0}
{"name":"Log","hostname":"4289ed61ee67","pid":1,"level":30,"msg":"Creating table: oauth","time":"2021-08-30T13:40:38.727Z","v":0}
{"name":"Log","hostname":"4289ed61ee67","pid":1,"level":30,"msg":"Creating table: posts_authors","time":"2021-08-30T13:40:38.759Z","v":0}
{"name":"Log","hostname":"4289ed61ee67","pid":1,"level":30,"msg":"Creating table: roles","time":"2021-08-30T13:40:38.794Z","v":0}
{"name":"Log","hostname":"4289ed61ee67","pid":1,"level":30,"msg":"Creating table: roles_users","time":"2021-08-30T13:40:38.858Z","v":0}
{"name":"Log","hostname":"4289ed61ee67","pid":1,"level":30,"msg":"Creating table: permissions","time":"2021-08-30T13:40:38.907Z","v":0}
{"name":"Log","hostname":"4289ed61ee67","pid":1,"level":30,"msg":"Creating table: permissions_users","time":"2021-08-30T13:40:38.976Z","v":0}
{"name":"Log","hostname":"4289ed61ee67","pid":1,"level":30,"msg":"Creating table: permissions_roles","time":"2021-08-30T13:40:39.007Z","v":0}
{"name":"Log","hostname":"4289ed61ee67","pid":1,"level":30,"msg":"Creating table: settings","time":"2021-08-30T13:40:39.033Z","v":0}
{"name":"Log","hostname":"4289ed61ee67","pid":1,"level":30,"msg":"Creating table: tags","time":"2021-08-30T13:40:39.095Z","v":0}
{"name":"Log","hostname":"4289ed61ee67","pid":1,"level":30,"msg":"Creating table: posts_tags","time":"2021-08-30T13:40:39.148Z","v":0}
{"name":"Log","hostname":"4289ed61ee67","pid":1,"level":30,"msg":"Creating table: invites","time":"2021-08-30T13:40:39.180Z","v":0}
{"name":"Log","hostname":"4289ed61ee67","pid":1,"level":30,"msg":"Creating table: brute","time":"2021-08-30T13:40:39.271Z","v":0}
{"name":"Log","hostname":"4289ed61ee67","pid":1,"level":30,"msg":"Creating table: sessions","time":"2021-08-30T13:40:39.296Z","v":0}
{"name":"Log","hostname":"4289ed61ee67","pid":1,"level":30,"msg":"Creating table: integrations","time":"2021-08-30T13:40:39.358Z","v":0}
{"name":"Log","hostname":"4289ed61ee67","pid":1,"level":30,"msg":"Creating table: webhooks","time":"2021-08-30T13:40:39.422Z","v":0}
{"name":"Log","hostname":"4289ed61ee67","pid":1,"level":30,"msg":"Creating table: api_keys","time":"2021-08-30T13:40:39.451Z","v":0}
{"name":"Log","hostname":"4289ed61ee67","pid":1,"level":30,"msg":"Creating table: mobiledoc_revisions","time":"2021-08-30T13:40:39.504Z","v":0}
{"name":"Log","hostname":"4289ed61ee67","pid":1,"level":30,"msg":"Creating table: members","time":"2021-08-30T13:40:39.570Z","v":0}
{"name":"Log","hostname":"4289ed61ee67","pid":1,"level":30,"msg":"Creating table: products","time":"2021-08-30T13:40:39.680Z","v":0}
{"name":"Log","hostname":"4289ed61ee67","pid":1,"level":30,"msg":"Creating table: benefits","time":"2021-08-30T13:40:39.731Z","v":0}
{"name":"Log","hostname":"4289ed61ee67","pid":1,"level":30,"msg":"Creating table: products_benefits","time":"2021-08-30T13:40:39.787Z","v":0}
{"name":"Log","hostname":"4289ed61ee67","pid":1,"level":30,"msg":"Creating table: members_products","time":"2021-08-30T13:40:39.827Z","v":0}
{"name":"Log","hostname":"4289ed61ee67","pid":1,"level":30,"msg":"Creating table: members_payment_events","time":"2021-08-30T13:40:39.854Z","v":0}
{"name":"Log","hostname":"4289ed61ee67","pid":1,"level":30,"msg":"Creating table: members_login_events","time":"2021-08-30T13:40:39.881Z","v":0}
{"name":"Log","hostname":"4289ed61ee67","pid":1,"level":30,"msg":"Creating table: members_email_change_events","time":"2021-08-30T13:40:39.916Z","v":0}
{"name":"Log","hostname":"4289ed61ee67","pid":1,"level":30,"msg":"Creating table: members_status_events","time":"2021-08-30T13:40:39.956Z","v":0}
{"name":"Log","hostname":"4289ed61ee67","pid":1,"level":30,"msg":"Creating table: members_paid_subscription_events","time":"2021-08-30T13:40:39.989Z","v":0}
{"name":"Log","hostname":"4289ed61ee67","pid":1,"level":30,"msg":"Creating table: labels","time":"2021-08-30T13:40:40.023Z","v":0}
{"name":"Log","hostname":"4289ed61ee67","pid":1,"level":30,"msg":"Creating table: members_labels","time":"2021-08-30T13:40:40.099Z","v":0}
{"name":"Log","hostname":"4289ed61ee67","pid":1,"level":30,"msg":"Creating table: members_stripe_customers","time":"2021-08-30T13:40:40.121Z","v":0}
{"name":"Log","hostname":"4289ed61ee67","pid":1,"level":30,"msg":"Creating table: members_stripe_customers_subscriptions","time":"2021-08-30T13:40:40.227Z","v":0}
{"name":"Log","hostname":"4289ed61ee67","pid":1,"level":30,"msg":"Creating table: members_subscribe_events","time":"2021-08-30T13:40:40.313Z","v":0}
{"name":"Log","hostname":"4289ed61ee67","pid":1,"level":30,"msg":"Creating table: stripe_products","time":"2021-08-30T13:40:40.349Z","v":0}
{"name":"Log","hostname":"4289ed61ee67","pid":1,"level":30,"msg":"Creating table: stripe_prices","time":"2021-08-30T13:40:40.409Z","v":0}
{"name":"Log","hostname":"4289ed61ee67","pid":1,"level":30,"msg":"Creating table: actions","time":"2021-08-30T13:40:40.466Z","v":0}
{"name":"Log","hostname":"4289ed61ee67","pid":1,"level":30,"msg":"Creating table: emails","time":"2021-08-30T13:40:40.493Z","v":0}
{"name":"Log","hostname":"4289ed61ee67","pid":1,"level":30,"msg":"Creating table: email_batches","time":"2021-08-30T13:40:40.576Z","v":0}
{"name":"Log","hostname":"4289ed61ee67","pid":1,"level":30,"msg":"Creating table: email_recipients","time":"2021-08-30T13:40:40.607Z","v":0}
{"name":"Log","hostname":"4289ed61ee67","pid":1,"level":30,"msg":"Creating table: tokens","time":"2021-08-30T13:40:40.743Z","v":0}
{"name":"Log","hostname":"4289ed61ee67","pid":1,"level":30,"msg":"Creating table: snippets","time":"2021-08-30T13:40:40.787Z","v":0}
{"name":"Log","hostname":"4289ed61ee67","pid":1,"level":30,"msg":"Model: Product","time":"2021-08-30T13:40:40.886Z","v":0}
{"name":"Log","hostname":"4289ed61ee67","pid":1,"level":30,"msg":"Model: Tag","time":"2021-08-30T13:40:40.906Z","v":0}
{"name":"Log","hostname":"4289ed61ee67","pid":1,"level":30,"msg":"Model: Role","time":"2021-08-30T13:40:40.919Z","v":0}
{"name":"Log","hostname":"4289ed61ee67","pid":1,"level":30,"msg":"Model: Permission","time":"2021-08-30T13:40:40.946Z","v":0}
{"name":"Log","hostname":"4289ed61ee67","pid":1,"level":30,"msg":"Model: User","time":"2021-08-30T13:40:41.076Z","v":0}
{"name":"Log","hostname":"4289ed61ee67","pid":1,"level":30,"msg":"Model: Post","time":"2021-08-30T13:40:41.566Z","v":0}
{"name":"Log","hostname":"4289ed61ee67","pid":1,"level":30,"msg":"Model: Integration","time":"2021-08-30T13:40:41.765Z","v":0}
{"name":"Log","hostname":"4289ed61ee67","pid":1,"level":30,"msg":"Relation: Role to Permission","time":"2021-08-30T13:40:41.798Z","v":0}
{"name":"Log","hostname":"4289ed61ee67","pid":1,"level":30,"msg":"Relation: Post to Tag","time":"2021-08-30T13:40:41.941Z","v":0}
{"name":"Log","hostname":"4289ed61ee67","pid":1,"level":30,"msg":"Relation: User to Role","time":"2021-08-30T13:40:41.961Z","v":0}
{"name":"Log","hostname":"4289ed61ee67","pid":1,"level":30,"msg":"Database is in a ready state.","time":"2021-08-30T13:40:42.329Z","v":0}
{"name":"Log","hostname":"4289ed61ee67","pid":1,"level":30,"msg":"Ghost database ready in 4.831s","time":"2021-08-30T13:40:42.329Z","v":0}
{"name":"Log","hostname":"4289ed61ee67","pid":1,"level":30,"msg":"Ghost booted in 7.692s","time":"2021-08-30T13:40:45.190Z","v":0}
{"name":"Log","hostname":"4289ed61ee67","pid":1,"level":30,"msg":"Adding offloaded job to the queue","time":"2021-08-30T13:40:45.196Z","v":0}
{"name":"Log","hostname":"4289ed61ee67","pid":1,"level":30,"msg":"Scheduling job update-check at 41 24 22 * * *. Next run on: Mon Aug 30 2021 22:24:41 GMT+0000 (Coordinated Universal Time)","time":"2021-08-30T13:40:45.201Z","v":0}
{"name":"Log","hostname":"4289ed61ee67","pid":1,"level":30,"req":{"meta":{"requestId":"8f60bc44-6dc5-47eb-bae2-2bfa9f9e27c9","userId":null},"url":"/favicon.ico","method":"GET","originalUrl":"/favicon.ico","params":{},"headers":{"user-agent":"Mozilla/5.0 Safari/537.36","accept-encoding":"gzip, deflate","host":"localhost:2368","connection":"close"},"query":{}},"res":{"_headers":{"x-powered-by":"Express","content-type":"image/x-icon","etag":"\"a9c6dbdcdc3ae568f4e0dad92149a0e3\"","cache-control":"public, max-age=86400","vary":"Accept-Encoding","content-encoding":"gzip"},"statusCode":200,"responseTime":"3ms"},"msg":"","time":"2021-08-30T13:41:03.394Z","v":0}
{"name":"Log","hostname":"4289ed61ee67","pid":1,"level":30,"req":{"meta":{"requestId":"81848111-00e4-4cc5-9665-bbde007102ab","userId":null},"url":"/","method":"GET","originalUrl":"/","params":{},"headers":{"host":"localhost:60000","connection":"keep-alive","sec-ch-ua":"\"Chromium\";v=\"92\", \" Not A;Brand\";v=\"99\", \"Google Chrome\";v=\"92\"","sec-ch-ua-mobile":"?0","upgrade-insecure-requests":"1","user-agent":"Mozilla/5.0 (Macintosh; Intel Mac OS X 10_15_7) AppleWebKit/537.36 (KHTML, like Gecko) Chrome/92.0.4515.159 Safari/537.36","accept":"text/html,application/xhtml+xml,application/xml;q=0.9,image/avif,image/webp,image/apng,*/*;q=0.8,application/signed-exchange;v=b3;q=0.9","sec-fetch-site":"none","sec-fetch-mode":"navigate","sec-fetch-user":"?1","sec-fetch-dest":"document","accept-encoding":"gzip, deflate, br","accept-language":"ko-KR,ko;q=0.9,en-AU;q=0.8,en;q=0.7,en-US;q=0.6"},"query":{}},"res":{"_headers":{"x-powered-by":"Express","cache-control":"public, max-age=0","content-type":"text/html; charset=utf-8","etag":"W/\"5c57-iuHpKg8zRwLUQrWXs/gKBlZrlH8\"","vary":"Accept-Encoding","content-encoding":"gzip"},"statusCode":200,"responseTime":"648ms"},"msg":"","time":"2021-08-30T13:41:03.854Z","v":0}
{"name":"Log","hostname":"4289ed61ee67","pid":1,"level":30,"req":{"meta":{"requestId":"7275b373-5d91-4284-82f8-8d20ca782dc1","userId":null},"url":"/assets/built/casper.js?v=93672a86cf","method":"GET","originalUrl":"/assets/built/casper.js?v=93672a86cf","params":{},"headers":{"host":"localhost:60000","connection":"keep-alive","sec-ch-ua":"\"Chromium\";v=\"92\", \" Not A;Brand\";v=\"99\", \"Google Chrome\";v=\"92\"","sec-ch-ua-mobile":"?0","user-agent":"Mozilla/5.0 (Macintosh; Intel Mac OS X 10_15_7) AppleWebKit/537.36 (KHTML, like Gecko) Chrome/92.0.4515.159 Safari/537.36","accept":"*/*","sec-fetch-site":"same-origin","sec-fetch-mode":"no-cors","sec-fetch-dest":"script","referer":"http://localhost:60000/","accept-encoding":"gzip, deflate, br","accept-language":"ko-KR,ko;q=0.9,en-AU;q=0.8,en;q=0.7,en-US;q=0.6"},"query":{"v":"93672a86cf"}},"res":{"_headers":{"x-powered-by":"Express","accept-ranges":"bytes","cache-control":"public, max-age=31536000","last-modified":"Sat, 26 Oct 1985 08:15:00 GMT","etag":"W/\"c38-7438674ba0\"","content-type":"application/javascript; charset=UTF-8","vary":"Accept-Encoding","content-encoding":"gzip"},"statusCode":200,"responseTime":"7ms"},"msg":"","time":"2021-08-30T13:41:03.893Z","v":0}
{"name":"Log","hostname":"4289ed61ee67","pid":1,"level":30,"req":{"meta":{"requestId":"a70fd11c-bdd1-4a46-a3cb-0003277eb130","userId":null},"url":"/assets/built/screen.css?v=93672a86cf","method":"GET","originalUrl":"/assets/built/screen.css?v=93672a86cf","params":{},"headers":{"host":"localhost:60000","connection":"keep-alive","sec-ch-ua":"\"Chromium\";v=\"92\", \" Not A;Brand\";v=\"99\", \"Google Chrome\";v=\"92\"","sec-ch-ua-mobile":"?0","user-agent":"Mozilla/5.0 (Macintosh; Intel Mac OS X 10_15_7) AppleWebKit/537.36 (KHTML, like Gecko) Chrome/92.0.4515.159 Safari/537.36","accept":"text/css,*/*;q=0.1","sec-fetch-site":"same-origin","sec-fetch-mode":"no-cors","sec-fetch-dest":"style","referer":"http://localhost:60000/","accept-encoding":"gzip, deflate, br","accept-language":"ko-KR,ko;q=0.9,en-AU;q=0.8,en;q=0.7,en-US;q=0.6"},"query":{"v":"93672a86cf"}},"res":{"_headers":{"x-powered-by":"Express","accept-ranges":"bytes","cache-control":"public, max-age=31536000","last-modified":"Sat, 26 Oct 1985 08:15:00 GMT","etag":"W/\"714f-7438674ba0\"","content-type":"text/css; charset=UTF-8","vary":"Accept-Encoding","content-encoding":"gzip"},"statusCode":200,"responseTime":"14ms"},"msg":"","time":"2021-08-30T13:41:03.894Z","v":0}
{"name":"Log","hostname":"4289ed61ee67","pid":1,"level":30,"req":{"meta":{"requestId":"08cb720b-87e5-4fd4-a7d7-ac644cdaafde","userId":null},"url":"/favicon.ico","method":"GET","originalUrl":"/favicon.ico","params":{},"headers":{"host":"localhost:60000","connection":"keep-alive","sec-ch-ua":"\"Chromium\";v=\"92\", \" Not A;Brand\";v=\"99\", \"Google Chrome\";v=\"92\"","sec-ch-ua-mobile":"?0","user-agent":"Mozilla/5.0 (Macintosh; Intel Mac OS X 10_15_7) AppleWebKit/537.36 (KHTML, like Gecko) Chrome/92.0.4515.159 Safari/537.36","accept":"image/avif,image/webp,image/apng,image/svg+xml,image/*,*/*;q=0.8","sec-fetch-site":"same-origin","sec-fetch-mode":"no-cors","sec-fetch-dest":"image","referer":"http://localhost:60000/","accept-encoding":"gzip, deflate, br","accept-language":"ko-KR,ko;q=0.9,en-AU;q=0.8,en;q=0.7,en-US;q=0.6"},"query":{}},"res":{"_headers":{"x-powered-by":"Express","content-type":"image/x-icon","etag":"\"a9c6dbdcdc3ae568f4e0dad92149a0e3\"","cache-control":"public, max-age=86400","vary":"Accept-Encoding","content-encoding":"gzip"},"statusCode":200,"responseTime":"5ms"},"msg":"","time":"2021-08-30T13:41:04.527Z","v":0}
{"name":"Log","hostname":"4289ed61ee67","pid":1,"level":40,"msg":"Ghost is shutting down","time":"2021-08-30T13:42:46.573Z","v":0}
{"name":"Log","hostname":"4289ed61ee67","pid":1,"level":40,"msg":"Ghost has shut down","time":"2021-08-30T13:42:49.125Z","v":0}
{"name":"Log","hostname":"4289ed61ee67","pid":1,"level":40,"msg":"Your site is now offline","time":"2021-08-30T13:42:49.126Z","v":0}
{"name":"Log","hostname":"4289ed61ee67","pid":1,"level":40,"msg":"Ghost was running for 2 minutes","time":"2021-08-30T13:42:49.128Z","v":0}
